<?xml version="1.0" encoding="UTF-8"?>
<testsuite name="edu.isu.cs2235.algorithms.impl.RecursiveLinearSearchTest" tests="5" skipped="0" failures="0" errors="0" timestamp="2019-09-10T21:02:57" hostname="Brandon-Desktop" time="0.004">
  <properties/>
  <testcase name="testIterativeBinarySearch_5" classname="edu.isu.cs2235.algorithms.impl.RecursiveLinearSearchTest" time="0.002"/>
  <testcase name="testSearch_2" classname="edu.isu.cs2235.algorithms.impl.RecursiveLinearSearchTest" time="0.0"/>
  <testcase name="testSearch_3" classname="edu.isu.cs2235.algorithms.impl.RecursiveLinearSearchTest" time="0.0"/>
  <testcase name="testSearch_4" classname="edu.isu.cs2235.algorithms.impl.RecursiveLinearSearchTest" time="0.001"/>
  <testcase name="testSearch" classname="edu.isu.cs2235.algorithms.impl.RecursiveLinearSearchTest" time="0.0"/>
  <system-out><![CDATA[]]></system-out>
  <system-err><![CDATA[]]></system-err>
</testsuite>
